  Rasterizer.cpp
Rasterizer.cpp(137): warning C4244: 'initializing': conversion from 'float' to 'int', possible loss of data
Rasterizer.cpp(138): warning C4244: 'initializing': conversion from 'float' to 'int', possible loss of data
Rasterizer.cpp(171): warning C4244: 'initializing': conversion from 'float' to 'int', possible loss of data
Rasterizer.cpp(172): warning C4244: 'initializing': conversion from 'float' to 'int', possible loss of data
Rasterizer.cpp(178): warning C4244: 'initializing': conversion from 'float' to 'int', possible loss of data
Rasterizer.cpp(179): warning C4244: 'initializing': conversion from 'float' to 'int', possible loss of data
Rasterizer.cpp(180): warning C4244: 'initializing': conversion from 'float' to 'int', possible loss of data
Rasterizer.cpp(187): warning C4244: 'argument': conversion from 'int' to 'float', possible loss of data
Rasterizer.cpp(289): warning C4244: 'initializing': conversion from 'float' to 'int', possible loss of data
Rasterizer.cpp(290): warning C4244: 'initializing': conversion from 'float' to 'int', possible loss of data
Rasterizer.cpp(295): warning C4244: '=': conversion from 'float' to 'int', possible loss of data
Rasterizer.cpp(296): warning C4244: '=': conversion from 'float' to 'int', possible loss of data
Rasterizer.cpp(300): warning C4244: '=': conversion from 'float' to 'int', possible loss of data
Rasterizer.cpp(301): warning C4244: '=': conversion from 'float' to 'int', possible loss of data
Rasterizer.cpp(315): warning C4244: 'initializing': conversion from 'int' to 'float', possible loss of data
Rasterizer.cpp(316): warning C4244: 'initializing': conversion from 'int' to 'float', possible loss of data
Rasterizer.cpp(344): warning C4018: '<': signed/unsigned mismatch
Rasterizer.cpp(374): warning C4244: 'argument': conversion from 'float' to 'unsigned int', possible loss of data
Rasterizer.cpp(382): warning C4244: 'argument': conversion from 'float' to 'unsigned int', possible loss of data
Rasterizer.cpp(390): warning C4244: 'argument': conversion from 'float' to 'unsigned int', possible loss of data
Rasterizer.cpp(402): warning C4018: '<': signed/unsigned mismatch
Rasterizer.cpp(406): warning C4018: '<': signed/unsigned mismatch
Rasterizer.cpp(418): warning C4018: '<': signed/unsigned mismatch
Rasterizer.cpp(423): warning C4244: 'argument': conversion from 'int' to 'float', possible loss of data
Rasterizer.cpp(432): warning C4244: 'argument': conversion from 'int' to 'float', possible loss of data
Rasterizer.cpp(438): warning C4244: 'argument': conversion from 'int' to 'float', possible loss of data
Rasterizer.cpp(439): warning C4244: 'argument': conversion from 'int' to 'float', possible loss of data
Rasterizer.cpp(453): warning C4244: 'argument': conversion from 'int' to 'float', possible loss of data
Rasterizer.cpp(480): warning C4244: 'initializing': conversion from 'double' to 'int', possible loss of data
Rasterizer.cpp(480): warning C4244: 'initializing': conversion from 'double' to 'const int', possible loss of data
Rasterizer.cpp(486): warning C4244: 'initializing': conversion from 'double' to 'float', possible loss of data
  Generating code
  2 of 516 functions ( 0.4%) were compiled, the rest were copied from previous compilation.
    0 functions were new in current compilation
    1 functions had inline decision re-evaluated but remain unchanged
  Finished generating code
  TinyRaster.vcxproj -> C:\Users\u1752044\Downloads\FINAL\TinyRaster\Release\TinyRaster.exe
  TinyRaster.vcxproj -> C:\Users\u1752044\Downloads\FINAL\TinyRaster\Release\TinyRaster.pdb (Full PDB)
